#
# There is insufficient memory for the Java Runtime Environment to continue.
# Native memory allocation (malloc) failed to allocate 1929856 bytes. Error detail: Chunk::new
# Possible reasons:
#   The system is out of physical RAM or swap space
#   This process is running with CompressedOops enabled, and the Java Heap may be blocking the growth of the native heap
# Possible solutions:
#   Reduce memory load on the system
#   Increase physical memory or swap space
#   Check if swap backing store is full
#   Decrease Java heap size (-Xmx/-Xms)
#   Decrease number of Java threads
#   Decrease Java thread stack sizes (-Xss)
#   Set larger code cache with -XX:ReservedCodeCacheSize=
#   JVM is running with Unscaled Compressed Oops mode in which the Java heap is
#     placed in the first 4GB address space. The Java Heap base address is the
#     maximum limit for the native heap growth. Please use -XX:HeapBaseMinAddress
#     to set the Java Heap base and to place the Java Heap above 4GB virtual address.
# This output file may be truncated or incomplete.
#
#  Out of Memory Error (arena.cpp:168), pid=2324, tid=4672
#
# JRE version: OpenJDK Runtime Environment Temurin-21.0.7+6 (21.0.7+6) (build 21.0.7+6-LTS)
# Java VM: OpenJDK 64-Bit Server VM Temurin-21.0.7+6 (21.0.7+6-LTS, mixed mode, sharing, tiered, compressed oops, compressed class ptrs, parallel gc, windows-amd64)
# No core dump will be written. Minidumps are not enabled by default on client versions of Windows
#

---------------  S U M M A R Y ------------

Command Line: --add-modules=ALL-SYSTEM --add-opens=java.base/java.util=ALL-UNNAMED --add-opens=java.base/java.lang=ALL-UNNAMED --add-opens=java.base/sun.nio.fs=ALL-UNNAMED -Declipse.application=org.eclipse.jdt.ls.core.id1 -Dosgi.bundles.defaultStartLevel=4 -Declipse.product=org.eclipse.jdt.ls.core.product -Djava.import.generatesMetadataFilesAtProjectRoot=false -DDetectVMInstallationsJob.disabled=true -Dfile.encoding=utf8 -XX:+UseParallelGC -XX:GCTimeRatio=4 -XX:AdaptiveSizePolicyWeight=90 -Dsun.zip.disableMemoryMapping=true -Xmx1G -Xms100m -Xlog:disable -javaagent:c:\Users\Prime\.vscode\extensions\redhat.java-1.42.0-win32-x64\lombok\lombok-1.18.36.jar -XX:+HeapDumpOnOutOfMemoryError -XX:HeapDumpPath=c:\Users\Prime\AppData\Roaming\Code\User\workspaceStorage\8e020b9f29dab8637036b49a8c66def7\redhat.java -Daether.dependencyCollector.impl=bf c:\Users\Prime\.vscode\extensions\redhat.java-1.42.0-win32-x64\server\plugins\org.eclipse.equinox.launcher_1.7.0.v20250424-1814.jar -configuration c:\Users\Prime\AppData\Roaming\Code\User\globalStorage\redhat.java\1.42.0\config_win -data c:\Users\Prime\AppData\Roaming\Code\User\workspaceStorage\8e020b9f29dab8637036b49a8c66def7\redhat.java\jdt_ws --pipe=\\.\pipe\lsp-f385b02af31c219e5dfd29205bad44eb-sock

Host: Intel(R) Core(TM) i5-6300U CPU @ 2.40GHz, 4 cores, 7G,  Windows 10 , 64 bit Build 19041 (10.0.19041.5915)
Time: Sun Jun 22 04:06:52 2025 Pakistan Standard Time elapsed time: 28.188623 seconds (0d 0h 0m 28s)

---------------  T H R E A D  ---------------

Current thread (0x0000022471a31ab0):  JavaThread "C2 CompilerThread0" daemon [_thread_in_native, id=4672, stack(0x000000e081f00000,0x000000e082000000) (1024K)]


Current CompileTask:
C2:28188 4180       4       org.lombokweb.asm.ClassReader::readMethod (1070 bytes)

Stack: [0x000000e081f00000,0x000000e082000000]
Native frames: (J=compiled Java code, j=interpreted, Vv=VM code, C=native code)
V  [jvm.dll+0x6ce119]
V  [jvm.dll+0x8a84a1]
V  [jvm.dll+0x8aa9ce]
V  [jvm.dll+0x8ab0b3]
V  [jvm.dll+0x27f8a6]
V  [jvm.dll+0xc507d]
V  [jvm.dll+0xc55b3]
V  [jvm.dll+0x3b692c]
V  [jvm.dll+0x1e0029]
V  [jvm.dll+0x247c42]
V  [jvm.dll+0x2470cf]
V  [jvm.dll+0x1c760e]
V  [jvm.dll+0x25695a]
V  [jvm.dll+0x254efa]
V  [jvm.dll+0x3f03f6]
V  [jvm.dll+0x851f6b]
V  [jvm.dll+0x6cc7dd]
C  [ucrtbase.dll+0x21bb2]
C  [KERNEL32.DLL+0x17374]
C  [ntdll.dll+0x4cc91]


---------------  P R O C E S S  ---------------

Threads class SMR info:
_java_thread_list=0x0000022478d65140, length=25, elements={
0x000002245d6ffa10, 0x0000022471a276b0, 0x0000022471a28fb0, 0x0000022471a2b550,
0x0000022471a2c460, 0x0000022471a2e220, 0x0000022471a30c80, 0x0000022471a31ab0,
0x0000022471aa6de0, 0x000002245d7c4e80, 0x0000022472a28030, 0x0000022477666000,
0x000002247701cda0, 0x0000022472acaa30, 0x0000022472acb460, 0x0000022471a6f290,
0x0000022477c24020, 0x000002247738ac70, 0x0000022477ccc600, 0x0000022477cc9ea0,
0x0000022477ccb8e0, 0x0000022477ccbf70, 0x0000022477cc9180, 0x0000022477cca530,
0x0000022477ccabc0
}

Java Threads: ( => current thread )
  0x000002245d6ffa10 JavaThread "main"                              [_thread_blocked, id=7488, stack(0x000000e081500000,0x000000e081600000) (1024K)]
  0x0000022471a276b0 JavaThread "Reference Handler"          daemon [_thread_blocked, id=4064, stack(0x000000e081900000,0x000000e081a00000) (1024K)]
  0x0000022471a28fb0 JavaThread "Finalizer"                  daemon [_thread_blocked, id=6212, stack(0x000000e081a00000,0x000000e081b00000) (1024K)]
  0x0000022471a2b550 JavaThread "Signal Dispatcher"          daemon [_thread_blocked, id=11248, stack(0x000000e081b00000,0x000000e081c00000) (1024K)]
  0x0000022471a2c460 JavaThread "Attach Listener"            daemon [_thread_blocked, id=6192, stack(0x000000e081c00000,0x000000e081d00000) (1024K)]
  0x0000022471a2e220 JavaThread "Service Thread"             daemon [_thread_blocked, id=12412, stack(0x000000e081d00000,0x000000e081e00000) (1024K)]
  0x0000022471a30c80 JavaThread "Monitor Deflation Thread"   daemon [_thread_blocked, id=11232, stack(0x000000e081e00000,0x000000e081f00000) (1024K)]
=>0x0000022471a31ab0 JavaThread "C2 CompilerThread0"         daemon [_thread_in_native, id=4672, stack(0x000000e081f00000,0x000000e082000000) (1024K)]
  0x0000022471aa6de0 JavaThread "C1 CompilerThread0"         daemon [_thread_blocked, id=10956, stack(0x000000e082000000,0x000000e082100000) (1024K)]
  0x000002245d7c4e80 JavaThread "Common-Cleaner"             daemon [_thread_blocked, id=6644, stack(0x000000e082100000,0x000000e082200000) (1024K)]
  0x0000022472a28030 JavaThread "Notification Thread"        daemon [_thread_blocked, id=6660, stack(0x000000e082200000,0x000000e082300000) (1024K)]
  0x0000022477666000 JavaThread "Active Thread: Equinox Container: c969ca77-5e4a-4741-b39c-7f564268da84"        [_thread_blocked, id=5768, stack(0x000000e082600000,0x000000e082700000) (1024K)]
  0x000002247701cda0 JavaThread "Refresh Thread: Equinox Container: c969ca77-5e4a-4741-b39c-7f564268da84" daemon [_thread_blocked, id=13156, stack(0x000000e082700000,0x000000e082800000) (1024K)]
  0x0000022472acaa30 JavaThread "Framework Event Dispatcher: Equinox Container: c969ca77-5e4a-4741-b39c-7f564268da84" daemon [_thread_blocked, id=3304, stack(0x000000e082800000,0x000000e082900000) (1024K)]
  0x0000022472acb460 JavaThread "Start Level: Equinox Container: c969ca77-5e4a-4741-b39c-7f564268da84" daemon [_thread_in_Java, id=1224, stack(0x000000e082900000,0x000000e082a00000) (1024K)]
  0x0000022471a6f290 JavaThread "Bundle File Closer"         daemon [_thread_blocked, id=7620, stack(0x000000e082a00000,0x000000e082b00000) (1024K)]
  0x0000022477c24020 JavaThread "SCR Component Actor"        daemon [_thread_blocked, id=2836, stack(0x000000e082b00000,0x000000e082c00000) (1024K)]
  0x000002247738ac70 JavaThread "SCR Component Registry"     daemon [_thread_blocked, id=7076, stack(0x000000e082c00000,0x000000e082d00000) (1024K)]
  0x0000022477ccc600 JavaThread "Worker-JM"                         [_thread_blocked, id=5796, stack(0x000000e082d00000,0x000000e082e00000) (1024K)]
  0x0000022477cc9ea0 JavaThread "JNA Cleaner"                daemon [_thread_blocked, id=9364, stack(0x000000e082e00000,0x000000e082f00000) (1024K)]
  0x0000022477ccb8e0 JavaThread "Worker-0: Repository registry initialization"        [_thread_blocked, id=12568, stack(0x000000e082f00000,0x000000e083000000) (1024K)]
  0x0000022477ccbf70 JavaThread "Worker-1: Updating Maven Dependencies"        [_thread_in_Java, id=4148, stack(0x000000e083000000,0x000000e083100000) (1024K)]
  0x0000022477cc9180 JavaThread "Worker-2: Initialize After Load"        [_thread_in_native, id=13264, stack(0x000000e083100000,0x000000e083200000) (1024K)]
  0x0000022477cca530 JavaThread "Java indexing"              daemon [_thread_blocked, id=2548, stack(0x000000e083200000,0x000000e083300000) (1024K)]
  0x0000022477ccabc0 JavaThread "Worker-3"                          [_thread_blocked, id=10788, stack(0x000000e083300000,0x000000e083400000) (1024K)]
Total: 25

Other Threads:
  0x0000022471a0ba60 VMThread "VM Thread"                           [id=12396, stack(0x000000e081800000,0x000000e081900000) (1024K)]
  0x0000022471981c40 WatcherThread "VM Periodic Task Thread"        [id=12700, stack(0x000000e081700000,0x000000e081800000) (1024K)]
  0x000002245d71c5e0 WorkerThread "GC Thread#0"                     [id=5556, stack(0x000000e081600000,0x000000e081700000) (1024K)]
  0x000002247736d5e0 WorkerThread "GC Thread#1"                     [id=12392, stack(0x000000e082300000,0x000000e082400000) (1024K)]
  0x000002247736d980 WorkerThread "GC Thread#2"                     [id=10792, stack(0x000000e082400000,0x000000e082500000) (1024K)]
  0x0000022477029100 WorkerThread "GC Thread#3"                     [id=11184, stack(0x000000e082500000,0x000000e082600000) (1024K)]
Total: 6

Threads with active compile tasks:
C2 CompilerThread0  28255 4180       4       org.lombokweb.asm.ClassReader::readMethod (1070 bytes)
Total: 1

VM state: not at safepoint (normal execution)

VM Mutex/Monitor currently owned by a thread: None

Heap address: 0x00000000c0000000, size: 1024 MB, Compressed Oops mode: 32-bit

CDS archive(s) mapped at: [0x0000022400000000-0x0000022400ba0000-0x0000022400ba0000), size 12189696, SharedBaseAddress: 0x0000022400000000, ArchiveRelocationMode: 1.
Compressed class space mapped at: 0x0000022401000000-0x0000022441000000, reserved size: 1073741824
Narrow klass base: 0x0000022400000000, Narrow klass shift: 0, Narrow klass range: 0x100000000

GC Precious Log:
 CardTable entry size: 512
 CPUs: 4 total, 4 available
 Memory: 8072M
 Large Page Support: Disabled
 NUMA Support: Disabled
 Compressed Oops: Enabled (32-bit)
 Alignments: Space 512K, Generation 512K, Heap 2M
 Heap Min Capacity: 100M
 Heap Initial Capacity: 100M
 Heap Max Capacity: 1G
 Pre-touch: Disabled
 Parallel Workers: 4

Heap:
 PSYoungGen      total 14848K, used 8992K [0x00000000eab00000, 0x00000000ebb00000, 0x0000000100000000)
  eden space 13824K, 59% used [0x00000000eab00000,0x00000000eb310190,0x00000000eb880000)
  from space 1024K, 71% used [0x00000000eb880000,0x00000000eb938000,0x00000000eb980000)
  to   space 1024K, 0% used [0x00000000eba00000,0x00000000eba00000,0x00000000ebb00000)
 ParOldGen       total 68608K, used 32342K [0x00000000c0000000, 0x00000000c4300000, 0x00000000eab00000)
  object space 68608K, 47% used [0x00000000c0000000,0x00000000c1f95b90,0x00000000c4300000)
 Metaspace       used 32451K, committed 33472K, reserved 1114112K
  class space    used 3223K, committed 3648K, reserved 1048576K

Card table byte_map: [0x000002245d0b0000,0x000002245d2c0000] _byte_map_base: 0x000002245cab0000

Marking Bits: (ParMarkBitMap*) 0x00007fffa56831f0
 Begin Bits: [0x000002246f900000, 0x0000022470900000)
 End Bits:   [0x0000022470900000, 0x0000022471900000)

Polling page: 0x000002245b5b0000

Metaspace:

Usage:
  Non-class:     28.54 MB used.
      Class:      3.15 MB used.
       Both:     31.69 MB used.

Virtual space:
  Non-class space:       64.00 MB reserved,      29.12 MB ( 46%) committed,  1 nodes.
      Class space:        1.00 GB reserved,       3.56 MB ( <1%) committed,  1 nodes.
             Both:        1.06 GB reserved,      32.69 MB (  3%) committed. 

Chunk freelists:
   Non-Class:  1.96 MB
       Class:  12.36 MB
        Both:  14.32 MB

MaxMetaspaceSize: unlimited
CompressedClassSpaceSize: 1.00 GB
Initial GC threshold: 21.00 MB
Current GC threshold: 35.00 MB
CDS: on
 - commit_granule_bytes: 65536.
 - commit_granule_words: 8192.
 - virtual_space_node_default_size: 8388608.
 - enlarge_chunks_in_place: 1.
 - use_allocation_guard: 0.


Internal statistics:

num_allocs_failed_limit: 3.
num_arena_births: 726.
num_arena_deaths: 14.
num_vsnodes_births: 2.
num_vsnodes_deaths: 0.
num_space_committed: 523.
num_space_uncommitted: 0.
num_chunks_returned_to_freelist: 17.
num_chunks_taken_from_freelist: 2049.
num_chunk_merges: 9.
num_chunk_splits: 1312.
num_chunks_enlarged: 807.
num_inconsistent_stats: 0.

CodeHeap 'non-profiled nmethods': size=120000Kb used=1973Kb max_used=1973Kb free=118027Kb
 bounds [0x00000224683d0000, 0x0000022468640000, 0x000002246f900000]
CodeHeap 'profiled nmethods': size=120000Kb used=9687Kb max_used=9687Kb free=110312Kb
 bounds [0x0000022460900000, 0x0000022461280000, 0x0000022467e30000]
CodeHeap 'non-nmethods': size=5760Kb used=1345Kb max_used=1345Kb free=4415Kb
 bounds [0x0000022467e30000, 0x00000224680a0000, 0x00000224683d0000]
 total_blobs=5238 nmethods=4597 adapters=547
 compilation: enabled
              stopped_count=0, restarted_count=0
 full_count=0

Compilation events (20 events):
Event: 28.163 Thread 0x0000022471aa6de0 nmethod 4582 0x0000022461252990 code [0x0000022461252b20, 0x0000022461252c40]
Event: 28.163 Thread 0x0000022471aa6de0 4565       2       java.nio.HeapCharBuffer::<init> (23 bytes)
Event: 28.163 Thread 0x0000022471aa6de0 nmethod 4565 0x0000022461252d10 code [0x0000022461252ec0, 0x0000022461253018]
Event: 28.163 Thread 0x0000022471aa6de0 4570       2       sun.nio.cs.StreamDecoder::lockedRead0 (95 bytes)
Event: 28.164 Thread 0x0000022471aa6de0 nmethod 4570 0x0000022461253110 code [0x00000224612532e0, 0x0000022461253598]
Event: 28.164 Thread 0x0000022471aa6de0 4579       1       java.util.concurrent.locks.ReentrantReadWriteLock$NonfairSync::writerShouldBlock (2 bytes)
Event: 28.164 Thread 0x0000022471aa6de0 nmethod 4579 0x00000224685bcb10 code [0x00000224685bcca0, 0x00000224685bcd68]
Event: 28.164 Thread 0x0000022471aa6de0 4583       2       org.codehaus.plexus.util.xml.pull.MXParser::parseEndTag (429 bytes)
Event: 28.166 Thread 0x0000022471aa6de0 nmethod 4583 0x0000022461253690 code [0x0000022461253b00, 0x0000022461254e88]
Event: 28.166 Thread 0x0000022471aa6de0 4585       2       org.eclipse.osgi.internal.framework.FilterImpl$Parser::parse_substring (227 bytes)
Event: 28.168 Thread 0x0000022471aa6de0 nmethod 4585 0x0000022461255b90 code [0x0000022461255e40, 0x0000022461256950]
Event: 28.168 Thread 0x0000022471aa6de0 4586       2       org.codehaus.plexus.util.xml.pull.MXParser::parseStartTag (1190 bytes)
Event: 28.172 Thread 0x0000022471aa6de0 nmethod 4586 0x0000022461257110 code [0x0000022461257840, 0x000002246125a7c0]
Event: 28.172 Thread 0x0000022471aa6de0 4589       3       sun.nio.cs.UTF_8$Decoder::decodeLoop (28 bytes)
Event: 28.173 Thread 0x0000022471aa6de0 nmethod 4589 0x000002246125c690 code [0x000002246125c880, 0x000002246125cc50]
Event: 28.173 Thread 0x0000022471aa6de0 4590       3       java.lang.System$2::decodeASCII (11 bytes)
Event: 28.173 Thread 0x0000022471aa6de0 nmethod 4590 0x000002246125cd90 code [0x000002246125cf40, 0x000002246125d088]
Event: 28.173 Thread 0x0000022471aa6de0 4591       3       java.lang.String::decodeASCII (46 bytes)
Event: 28.173 Thread 0x0000022471aa6de0 nmethod 4591 0x000002246125d190 code [0x000002246125d360, 0x000002246125d608]
Event: 28.173 Thread 0x0000022471aa6de0 4596       3       sun.nio.cs.UTF_8$Decoder::decodeArrayLoop (688 bytes)

GC Heap History (20 events):
Event: 26.322 GC heap before
{Heap before GC invocations=9 (full 0):
 PSYoungGen      total 22016K, used 21638K [0x00000000eab00000, 0x00000000ecb00000, 0x0000000100000000)
  eden space 13824K, 99% used [0x00000000eab00000,0x00000000eb87d5e8,0x00000000eb880000)
  from space 8192K, 95% used [0x00000000ec300000,0x00000000ecaa4538,0x00000000ecb00000)
  to   space 8704K, 0% used [0x00000000eba00000,0x00000000eba00000,0x00000000ec280000)
 ParOldGen       total 68608K, used 19792K [0x00000000c0000000, 0x00000000c4300000, 0x00000000eab00000)
  object space 68608K, 28% used [0x00000000c0000000,0x00000000c13543e0,0x00000000c4300000)
 Metaspace       used 19135K, committed 20032K, reserved 1114112K
  class space    used 1930K, committed 2304K, reserved 1048576K
}
Event: 26.333 GC heap after
{Heap after GC invocations=9 (full 0):
 PSYoungGen      total 18944K, used 5110K [0x00000000eab00000, 0x00000000ec580000, 0x0000000100000000)
  eden space 13824K, 0% used [0x00000000eab00000,0x00000000eab00000,0x00000000eb880000)
  from space 5120K, 99% used [0x00000000eba00000,0x00000000ebefd968,0x00000000ebf00000)
  to   space 6656K, 0% used [0x00000000ebf00000,0x00000000ebf00000,0x00000000ec580000)
 ParOldGen       total 68608K, used 22664K [0x00000000c0000000, 0x00000000c4300000, 0x00000000eab00000)
  object space 68608K, 33% used [0x00000000c0000000,0x00000000c1622020,0x00000000c4300000)
 Metaspace       used 19135K, committed 20032K, reserved 1114112K
  class space    used 1930K, committed 2304K, reserved 1048576K
}
Event: 26.658 GC heap before
{Heap before GC invocations=10 (full 0):
 PSYoungGen      total 18944K, used 18934K [0x00000000eab00000, 0x00000000ec580000, 0x0000000100000000)
  eden space 13824K, 100% used [0x00000000eab00000,0x00000000eb880000,0x00000000eb880000)
  from space 5120K, 99% used [0x00000000eba00000,0x00000000ebefd968,0x00000000ebf00000)
  to   space 6656K, 0% used [0x00000000ebf00000,0x00000000ebf00000,0x00000000ec580000)
 ParOldGen       total 68608K, used 22664K [0x00000000c0000000, 0x00000000c4300000, 0x00000000eab00000)
  object space 68608K, 33% used [0x00000000c0000000,0x00000000c1622020,0x00000000c4300000)
 Metaspace       used 20663K, committed 21504K, reserved 1114112K
  class space    used 2104K, committed 2496K, reserved 1048576K
}
Event: 26.666 GC heap after
{Heap after GC invocations=10 (full 0):
 PSYoungGen      total 15872K, used 1976K [0x00000000eab00000, 0x00000000ec100000, 0x0000000100000000)
  eden space 13824K, 0% used [0x00000000eab00000,0x00000000eab00000,0x00000000eb880000)
  from space 2048K, 96% used [0x00000000ebf00000,0x00000000ec0ee378,0x00000000ec100000)
  to   space 3584K, 0% used [0x00000000eba00000,0x00000000eba00000,0x00000000ebd80000)
 ParOldGen       total 68608K, used 26299K [0x00000000c0000000, 0x00000000c4300000, 0x00000000eab00000)
  object space 68608K, 38% used [0x00000000c0000000,0x00000000c19aee18,0x00000000c4300000)
 Metaspace       used 20663K, committed 21504K, reserved 1114112K
  class space    used 2104K, committed 2496K, reserved 1048576K
}
Event: 26.666 GC heap before
{Heap before GC invocations=11 (full 1):
 PSYoungGen      total 15872K, used 1976K [0x00000000eab00000, 0x00000000ec100000, 0x0000000100000000)
  eden space 13824K, 0% used [0x00000000eab00000,0x00000000eab00000,0x00000000eb880000)
  from space 2048K, 96% used [0x00000000ebf00000,0x00000000ec0ee378,0x00000000ec100000)
  to   space 3584K, 0% used [0x00000000eba00000,0x00000000eba00000,0x00000000ebd80000)
 ParOldGen       total 68608K, used 26299K [0x00000000c0000000, 0x00000000c4300000, 0x00000000eab00000)
  object space 68608K, 38% used [0x00000000c0000000,0x00000000c19aee18,0x00000000c4300000)
 Metaspace       used 20663K, committed 21504K, reserved 1114112K
  class space    used 2104K, committed 2496K, reserved 1048576K
}
Event: 26.800 GC heap after
{Heap after GC invocations=11 (full 1):
 PSYoungGen      total 15872K, used 0K [0x00000000eab00000, 0x00000000ec100000, 0x0000000100000000)
  eden space 13824K, 0% used [0x00000000eab00000,0x00000000eab00000,0x00000000eb880000)
  from space 2048K, 0% used [0x00000000ebf00000,0x00000000ebf00000,0x00000000ec100000)
  to   space 3584K, 0% used [0x00000000eba00000,0x00000000eba00000,0x00000000ebd80000)
 ParOldGen       total 68608K, used 27271K [0x00000000c0000000, 0x00000000c4300000, 0x00000000eab00000)
  object space 68608K, 39% used [0x00000000c0000000,0x00000000c1aa1ec0,0x00000000c4300000)
 Metaspace       used 20651K, committed 21504K, reserved 1114112K
  class space    used 2101K, committed 2496K, reserved 1048576K
}
Event: 27.017 GC heap before
{Heap before GC invocations=12 (full 1):
 PSYoungGen      total 15872K, used 13639K [0x00000000eab00000, 0x00000000ec100000, 0x0000000100000000)
  eden space 13824K, 98% used [0x00000000eab00000,0x00000000eb851ec0,0x00000000eb880000)
  from space 2048K, 0% used [0x00000000ebf00000,0x00000000ebf00000,0x00000000ec100000)
  to   space 3584K, 0% used [0x00000000eba00000,0x00000000eba00000,0x00000000ebd80000)
 ParOldGen       total 68608K, used 27271K [0x00000000c0000000, 0x00000000c4300000, 0x00000000eab00000)
  object space 68608K, 39% used [0x00000000c0000000,0x00000000c1aa1ec0,0x00000000c4300000)
 Metaspace       used 21959K, committed 22784K, reserved 1114112K
  class space    used 2200K, committed 2560K, reserved 1048576K
}
Event: 27.020 GC heap after
{Heap after GC invocations=12 (full 1):
 PSYoungGen      total 16384K, used 2503K [0x00000000eab00000, 0x00000000ebf80000, 0x0000000100000000)
  eden space 13824K, 0% used [0x00000000eab00000,0x00000000eab00000,0x00000000eb880000)
  from space 2560K, 97% used [0x00000000eba00000,0x00000000ebc71ef0,0x00000000ebc80000)
  to   space 3072K, 0% used [0x00000000ebc80000,0x00000000ebc80000,0x00000000ebf80000)
 ParOldGen       total 68608K, used 27271K [0x00000000c0000000, 0x00000000c4300000, 0x00000000eab00000)
  object space 68608K, 39% used [0x00000000c0000000,0x00000000c1aa1ec0,0x00000000c4300000)
 Metaspace       used 21959K, committed 22784K, reserved 1114112K
  class space    used 2200K, committed 2560K, reserved 1048576K
}
Event: 27.188 GC heap before
{Heap before GC invocations=13 (full 1):
 PSYoungGen      total 16384K, used 16327K [0x00000000eab00000, 0x00000000ebf80000, 0x0000000100000000)
  eden space 13824K, 100% used [0x00000000eab00000,0x00000000eb880000,0x00000000eb880000)
  from space 2560K, 97% used [0x00000000eba00000,0x00000000ebc71ef0,0x00000000ebc80000)
  to   space 3072K, 0% used [0x00000000ebc80000,0x00000000ebc80000,0x00000000ebf80000)
 ParOldGen       total 68608K, used 27271K [0x00000000c0000000, 0x00000000c4300000, 0x00000000eab00000)
  object space 68608K, 39% used [0x00000000c0000000,0x00000000c1aa1ec0,0x00000000c4300000)
 Metaspace       used 23726K, committed 24576K, reserved 1114112K
  class space    used 2295K, committed 2688K, reserved 1048576K
}
Event: 27.190 GC heap after
{Heap after GC invocations=13 (full 1):
 PSYoungGen      total 14336K, used 387K [0x00000000eab00000, 0x00000000ebd00000, 0x0000000100000000)
  eden space 13824K, 0% used [0x00000000eab00000,0x00000000eab00000,0x00000000eb880000)
  from space 512K, 75% used [0x00000000ebc80000,0x00000000ebce0e00,0x00000000ebd00000)
  to   space 1536K, 0% used [0x00000000eba00000,0x00000000eba00000,0x00000000ebb80000)
 ParOldGen       total 68608K, used 27692K [0x00000000c0000000, 0x00000000c4300000, 0x00000000eab00000)
  object space 68608K, 40% used [0x00000000c0000000,0x00000000c1b0b3c8,0x00000000c4300000)
 Metaspace       used 23726K, committed 24576K, reserved 1114112K
  class space    used 2295K, committed 2688K, reserved 1048576K
}
Event: 27.398 GC heap before
{Heap before GC invocations=14 (full 1):
 PSYoungGen      total 14336K, used 13915K [0x00000000eab00000, 0x00000000ebd00000, 0x0000000100000000)
  eden space 13824K, 97% used [0x00000000eab00000,0x00000000eb835f08,0x00000000eb880000)
  from space 512K, 75% used [0x00000000ebc80000,0x00000000ebce0e00,0x00000000ebd00000)
  to   space 1536K, 0% used [0x00000000eba00000,0x00000000eba00000,0x00000000ebb80000)
 ParOldGen       total 68608K, used 27692K [0x00000000c0000000, 0x00000000c4300000, 0x00000000eab00000)
  object space 68608K, 40% used [0x00000000c0000000,0x00000000c1b0b3c8,0x00000000c4300000)
 Metaspace       used 25254K, committed 26112K, reserved 1114112K
  class space    used 2442K, committed 2816K, reserved 1048576K
}
Event: 27.400 GC heap after
{Heap after GC invocations=14 (full 1):
 PSYoungGen      total 15360K, used 1515K [0x00000000eab00000, 0x00000000ebe80000, 0x0000000100000000)
  eden space 13824K, 0% used [0x00000000eab00000,0x00000000eab00000,0x00000000eb880000)
  from space 1536K, 98% used [0x00000000eba00000,0x00000000ebb7af70,0x00000000ebb80000)
  to   space 3072K, 0% used [0x00000000ebb80000,0x00000000ebb80000,0x00000000ebe80000)
 ParOldGen       total 68608K, used 28565K [0x00000000c0000000, 0x00000000c4300000, 0x00000000eab00000)
  object space 68608K, 41% used [0x00000000c0000000,0x00000000c1be5418,0x00000000c4300000)
 Metaspace       used 25254K, committed 26112K, reserved 1114112K
  class space    used 2442K, committed 2816K, reserved 1048576K
}
Event: 27.567 GC heap before
{Heap before GC invocations=15 (full 1):
 PSYoungGen      total 15360K, used 15339K [0x00000000eab00000, 0x00000000ebe80000, 0x0000000100000000)
  eden space 13824K, 100% used [0x00000000eab00000,0x00000000eb880000,0x00000000eb880000)
  from space 1536K, 98% used [0x00000000eba00000,0x00000000ebb7af70,0x00000000ebb80000)
  to   space 3072K, 0% used [0x00000000ebb80000,0x00000000ebb80000,0x00000000ebe80000)
 ParOldGen       total 68608K, used 28565K [0x00000000c0000000, 0x00000000c4300000, 0x00000000eab00000)
  object space 68608K, 41% used [0x00000000c0000000,0x00000000c1be5418,0x00000000c4300000)
 Metaspace       used 26378K, committed 27200K, reserved 1114112K
  class space    used 2504K, committed 2880K, reserved 1048576K
}
Event: 27.570 GC heap after
{Heap after GC invocations=15 (full 1):
 PSYoungGen      total 15872K, used 1896K [0x00000000eab00000, 0x00000000ebd80000, 0x0000000100000000)
  eden space 13824K, 0% used [0x00000000eab00000,0x00000000eab00000,0x00000000eb880000)
  from space 2048K, 92% used [0x00000000ebb80000,0x00000000ebd5a2b0,0x00000000ebd80000)
  to   space 2560K, 0% used [0x00000000eb880000,0x00000000eb880000,0x00000000ebb00000)
 ParOldGen       total 68608K, used 29464K [0x00000000c0000000, 0x00000000c4300000, 0x00000000eab00000)
  object space 68608K, 42% used [0x00000000c0000000,0x00000000c1cc6390,0x00000000c4300000)
 Metaspace       used 26378K, committed 27200K, reserved 1114112K
  class space    used 2504K, committed 2880K, reserved 1048576K
}
Event: 27.774 GC heap before
{Heap before GC invocations=16 (full 1):
 PSYoungGen      total 15872K, used 15714K [0x00000000eab00000, 0x00000000ebd80000, 0x0000000100000000)
  eden space 13824K, 99% used [0x00000000eab00000,0x00000000eb87e6c8,0x00000000eb880000)
  from space 2048K, 92% used [0x00000000ebb80000,0x00000000ebd5a2b0,0x00000000ebd80000)
  to   space 2560K, 0% used [0x00000000eb880000,0x00000000eb880000,0x00000000ebb00000)
 ParOldGen       total 68608K, used 29464K [0x00000000c0000000, 0x00000000c4300000, 0x00000000eab00000)
  object space 68608K, 42% used [0x00000000c0000000,0x00000000c1cc6390,0x00000000c4300000)
 Metaspace       used 27610K, committed 28480K, reserved 1114112K
  class space    used 2617K, committed 3008K, reserved 1048576K
}
Event: 27.778 GC heap after
{Heap after GC invocations=16 (full 1):
 PSYoungGen      total 14848K, used 692K [0x00000000eab00000, 0x00000000ebc00000, 0x0000000100000000)
  eden space 13824K, 0% used [0x00000000eab00000,0x00000000eab00000,0x00000000eb880000)
  from space 1024K, 67% used [0x00000000eb880000,0x00000000eb92d140,0x00000000eb980000)
  to   space 1536K, 0% used [0x00000000eba80000,0x00000000eba80000,0x00000000ebc00000)
 ParOldGen       total 68608K, used 31229K [0x00000000c0000000, 0x00000000c4300000, 0x00000000eab00000)
  object space 68608K, 45% used [0x00000000c0000000,0x00000000c1e7f5a0,0x00000000c4300000)
 Metaspace       used 27610K, committed 28480K, reserved 1114112K
  class space    used 2617K, committed 3008K, reserved 1048576K
}
Event: 27.938 GC heap before
{Heap before GC invocations=17 (full 1):
 PSYoungGen      total 14848K, used 14516K [0x00000000eab00000, 0x00000000ebc00000, 0x0000000100000000)
  eden space 13824K, 100% used [0x00000000eab00000,0x00000000eb880000,0x00000000eb880000)
  from space 1024K, 67% used [0x00000000eb880000,0x00000000eb92d140,0x00000000eb980000)
  to   space 1536K, 0% used [0x00000000eba80000,0x00000000eba80000,0x00000000ebc00000)
 ParOldGen       total 68608K, used 31229K [0x00000000c0000000, 0x00000000c4300000, 0x00000000eab00000)
  object space 68608K, 45% used [0x00000000c0000000,0x00000000c1e7f5a0,0x00000000c4300000)
 Metaspace       used 29887K, committed 30720K, reserved 1114112K
  class space    used 2867K, committed 3200K, reserved 1048576K
}
Event: 27.941 GC heap after
{Heap after GC invocations=17 (full 1):
 PSYoungGen      total 14848K, used 741K [0x00000000eab00000, 0x00000000ebb80000, 0x0000000100000000)
  eden space 13824K, 0% used [0x00000000eab00000,0x00000000eab00000,0x00000000eb880000)
  from space 1024K, 72% used [0x00000000eba80000,0x00000000ebb39680,0x00000000ebb80000)
  to   space 1024K, 0% used [0x00000000eb880000,0x00000000eb880000,0x00000000eb980000)
 ParOldGen       total 68608K, used 31701K [0x00000000c0000000, 0x00000000c4300000, 0x00000000eab00000)
  object space 68608K, 46% used [0x00000000c0000000,0x00000000c1ef55e0,0x00000000c4300000)
 Metaspace       used 29887K, committed 30720K, reserved 1114112K
  class space    used 2867K, committed 3200K, reserved 1048576K
}
Event: 28.124 GC heap before
{Heap before GC invocations=18 (full 1):
 PSYoungGen      total 14848K, used 14565K [0x00000000eab00000, 0x00000000ebb80000, 0x0000000100000000)
  eden space 13824K, 100% used [0x00000000eab00000,0x00000000eb880000,0x00000000eb880000)
  from space 1024K, 72% used [0x00000000eba80000,0x00000000ebb39680,0x00000000ebb80000)
  to   space 1024K, 0% used [0x00000000eb880000,0x00000000eb880000,0x00000000eb980000)
 ParOldGen       total 68608K, used 31701K [0x00000000c0000000, 0x00000000c4300000, 0x00000000eab00000)
  object space 68608K, 46% used [0x00000000c0000000,0x00000000c1ef55e0,0x00000000c4300000)
 Metaspace       used 31830K, committed 32896K, reserved 1114112K
  class space    used 3142K, committed 3584K, reserved 1048576K
}
Event: 28.126 GC heap after
{Heap after GC invocations=18 (full 1):
 PSYoungGen      total 14848K, used 736K [0x00000000eab00000, 0x00000000ebb00000, 0x0000000100000000)
  eden space 13824K, 0% used [0x00000000eab00000,0x00000000eab00000,0x00000000eb880000)
  from space 1024K, 71% used [0x00000000eb880000,0x00000000eb938000,0x00000000eb980000)
  to   space 1024K, 0% used [0x00000000eba00000,0x00000000eba00000,0x00000000ebb00000)
 ParOldGen       total 68608K, used 32342K [0x00000000c0000000, 0x00000000c4300000, 0x00000000eab00000)
  object space 68608K, 47% used [0x00000000c0000000,0x00000000c1f95b90,0x00000000c4300000)
 Metaspace       used 31830K, committed 32896K, reserved 1114112K
  class space    used 3142K, committed 3584K, reserved 1048576K
}

Dll operation events (10 events):
Event: 0.046 Loaded shared library c:\Users\Prime\.vscode\extensions\redhat.java-1.42.0-win32-x64\jre\21.0.7-win32-x86_64\bin\java.dll
Event: 0.380 Loaded shared library c:\Users\Prime\.vscode\extensions\redhat.java-1.42.0-win32-x64\jre\21.0.7-win32-x86_64\bin\zip.dll
Event: 0.563 Loaded shared library C:\Users\Prime\.vscode\extensions\redhat.java-1.42.0-win32-x64\jre\21.0.7-win32-x86_64\bin\instrument.dll
Event: 0.572 Loaded shared library C:\Users\Prime\.vscode\extensions\redhat.java-1.42.0-win32-x64\jre\21.0.7-win32-x86_64\bin\net.dll
Event: 0.576 Loaded shared library C:\Users\Prime\.vscode\extensions\redhat.java-1.42.0-win32-x64\jre\21.0.7-win32-x86_64\bin\nio.dll
Event: 0.584 Loaded shared library C:\Users\Prime\.vscode\extensions\redhat.java-1.42.0-win32-x64\jre\21.0.7-win32-x86_64\bin\zip.dll
Event: 0.690 Loaded shared library C:\Users\Prime\.vscode\extensions\redhat.java-1.42.0-win32-x64\jre\21.0.7-win32-x86_64\bin\jimage.dll
Event: 0.953 Loaded shared library c:\Users\Prime\.vscode\extensions\redhat.java-1.42.0-win32-x64\jre\21.0.7-win32-x86_64\bin\verify.dll
Event: 14.343 Loaded shared library C:\Users\Prime\AppData\Roaming\Code\User\globalStorage\redhat.java\1.42.0\config_win\org.eclipse.equinox.launcher\org.eclipse.equinox.launcher.win32.win32.x86_64_1.2.1300.v20250331-1702\eclipse_11911.dll
Event: 25.158 Loaded shared library C:\Users\Prime\AppData\Local\Temp\jna-77382239\jna49624786026121382.dll

Deoptimization events (20 events):
Event: 28.108 Thread 0x0000022477ccbf70 Uncommon trap: trap_request=0xffffffc6 fr.pc=0x00000224684edfdc relative=0x00000000000010fc
Event: 28.108 Thread 0x0000022477ccbf70 Uncommon trap: reason=bimorphic_or_optimized_type_check action=maybe_recompile pc=0x00000224684edfdc method=java.util.Properties$LineReader.readLine()I @ 479 c2
Event: 28.108 Thread 0x0000022477ccbf70 DEOPT PACKING pc=0x00000224684edfdc sp=0x000000e0830fd920
Event: 28.108 Thread 0x0000022477ccbf70 DEOPT UNPACKING pc=0x0000022467e83aa2 sp=0x000000e0830fd8b0 mode 2
Event: 28.117 Thread 0x0000022472acb460 Uncommon trap: trap_request=0xffffff45 fr.pc=0x000002246855cc94 relative=0x0000000000000414
Event: 28.117 Thread 0x0000022472acb460 Uncommon trap: reason=unstable_if action=reinterpret pc=0x000002246855cc94 method=com.sun.org.apache.xerces.internal.impl.XMLEntityScanner.scanContent(Lcom/sun/org/apache/xerces/internal/xni/XMLString;)I @ 275 c2
Event: 28.117 Thread 0x0000022472acb460 DEOPT PACKING pc=0x000002246855cc94 sp=0x000000e0829fe100
Event: 28.117 Thread 0x0000022472acb460 DEOPT UNPACKING pc=0x0000022467e83aa2 sp=0x000000e0829fe098 mode 2
Event: 28.146 Thread 0x0000022472acb460 Uncommon trap: trap_request=0xffffff45 fr.pc=0x000002246855e550 relative=0x0000000000000230
Event: 28.146 Thread 0x0000022472acb460 Uncommon trap: reason=unstable_if action=reinterpret pc=0x000002246855e550 method=java.lang.StringLatin1.canEncode(I)Z @ 4 c2
Event: 28.146 Thread 0x0000022472acb460 DEOPT PACKING pc=0x000002246855e550 sp=0x000000e0829fe050
Event: 28.146 Thread 0x0000022472acb460 DEOPT UNPACKING pc=0x0000022467e83aa2 sp=0x000000e0829fdf68 mode 2
Event: 28.146 Thread 0x0000022472acb460 Uncommon trap: trap_request=0xffffff45 fr.pc=0x0000022468427c18 relative=0x00000000000000f8
Event: 28.146 Thread 0x0000022472acb460 Uncommon trap: reason=unstable_if action=reinterpret pc=0x0000022468427c18 method=java.lang.String.getBytes([BIB)V @ 5 c2
Event: 28.146 Thread 0x0000022472acb460 DEOPT PACKING pc=0x0000022468427c18 sp=0x000000e0829fdf80
Event: 28.146 Thread 0x0000022472acb460 DEOPT UNPACKING pc=0x0000022467e83aa2 sp=0x000000e0829fdf28 mode 2
Event: 28.166 Thread 0x0000022477ccbf70 Uncommon trap: trap_request=0xffffff45 fr.pc=0x00000224684f7ad4 relative=0x0000000000000134
Event: 28.166 Thread 0x0000022477ccbf70 Uncommon trap: reason=unstable_if action=reinterpret pc=0x00000224684f7ad4 method=java.util.ArrayList.indexOfRange(Ljava/lang/Object;II)I @ 7 c2
Event: 28.166 Thread 0x0000022477ccbf70 DEOPT PACKING pc=0x00000224684f7ad4 sp=0x000000e0830fe570
Event: 28.166 Thread 0x0000022477ccbf70 DEOPT UNPACKING pc=0x0000022467e83aa2 sp=0x000000e0830fe430 mode 2

Classes loaded (20 events):
Event: 28.111 Loading class com/sun/org/apache/xml/internal/serializer/NamespaceMappings$MappingRecord
Event: 28.111 Loading class com/sun/org/apache/xml/internal/serializer/NamespaceMappings$MappingRecord done
Event: 28.111 Loading class javax/xml/transform/stream/StreamSource
Event: 28.111 Loading class javax/xml/transform/stream/StreamSource done
Event: 28.111 Loading class javax/xml/transform/sax/SAXSource
Event: 28.112 Loading class javax/xml/transform/sax/SAXSource done
Event: 28.112 Loading class javax/xml/transform/stax/StAXSource
Event: 28.112 Loading class javax/xml/transform/stax/StAXSource done
Event: 28.112 Loading class com/sun/org/apache/xalan/internal/xsltc/trax/DOM2TO
Event: 28.112 Loading class com/sun/org/apache/xalan/internal/xsltc/trax/DOM2TO done
Event: 28.114 Loading class com/sun/org/apache/xml/internal/serializer/WriterToUTF8Buffered
Event: 28.114 Loading class com/sun/org/apache/xml/internal/serializer/WriterChain
Event: 28.114 Loading class com/sun/org/apache/xml/internal/serializer/WriterChain done
Event: 28.115 Loading class com/sun/org/apache/xml/internal/serializer/WriterToUTF8Buffered done
Event: 28.115 Loading class com/sun/org/apache/xml/internal/serializer/WriterToASCI
Event: 28.115 Loading class com/sun/org/apache/xml/internal/serializer/WriterToASCI done
Event: 28.123 Loading class java/lang/annotation/IncompleteAnnotationException
Event: 28.123 Loading class java/lang/annotation/IncompleteAnnotationException done
Event: 28.144 Loading class sun/nio/cs/UTF_8$Encoder
Event: 28.145 Loading class sun/nio/cs/UTF_8$Encoder done

Classes unloaded (7 events):
Event: 26.693 Thread 0x0000022471a0ba60 Unloading class 0x00000224011a5400 'java/lang/invoke/LambdaForm$MH+0x00000224011a5400'
Event: 26.693 Thread 0x0000022471a0ba60 Unloading class 0x00000224011a5000 'java/lang/invoke/LambdaForm$MH+0x00000224011a5000'
Event: 26.693 Thread 0x0000022471a0ba60 Unloading class 0x00000224011a4c00 'java/lang/invoke/LambdaForm$MH+0x00000224011a4c00'
Event: 26.693 Thread 0x0000022471a0ba60 Unloading class 0x00000224011a4800 'java/lang/invoke/LambdaForm$MH+0x00000224011a4800'
Event: 26.693 Thread 0x0000022471a0ba60 Unloading class 0x00000224011a4400 'java/lang/invoke/LambdaForm$BMH+0x00000224011a4400'
Event: 26.693 Thread 0x0000022471a0ba60 Unloading class 0x00000224011a4000 'java/lang/invoke/LambdaForm$DMH+0x00000224011a4000'
Event: 26.693 Thread 0x0000022471a0ba60 Unloading class 0x00000224011a2c00 'java/lang/invoke/LambdaForm$DMH+0x00000224011a2c00'

Classes redefined (0 events):
No events

Internal exceptions (20 events):
Event: 27.674 Thread 0x0000022477ccbf70 Exception <a 'java/lang/NoSuchMethodError'{0x00000000eb1c14a0}: 'java.lang.Object java.lang.invoke.DirectMethodHandle$Holder.invokeStaticInit(java.lang.Object, java.lang.Object, java.lang.Object, java.lang.Object, java.lang.Object, java.lang.Object, java.lang.Object)'> (0x00000000eb1c14a0) 
thrown [s\src\hotspot\share\interpreter\linkResolver.cpp, line 773]
Event: 27.675 Thread 0x0000022477ccbf70 Exception <a 'java/lang/NoSuchMethodError'{0x00000000eb1c6128}: 'java.lang.Object java.lang.invoke.Invokers$Holder.invoke_MT(java.lang.Object, java.lang.Object, java.lang.Object, java.lang.Object, java.lang.Object, java.lang.Object, java.lang.Object, java.lang.Object, java.lang.Object)'> (0x00000000eb1c6128) 
thrown [s\src\hotspot\share\interpreter\linkResolver.cpp, line 773]
Event: 27.684 Thread 0x0000022477ccbf70 Exception <a 'java/lang/NoSuchMethodError'{0x00000000eb2080d0}: 'int java.lang.invoke.DirectMethodHandle$Holder.invokeVirtual(java.lang.Object, java.lang.Object, java.lang.Object)'> (0x00000000eb2080d0) 
thrown [s\src\hotspot\share\interpreter\linkResolver.cpp, line 773]
Event: 27.684 Thread 0x0000022477ccbf70 Exception <a 'java/lang/NoSuchMethodError'{0x00000000eb20c4f0}: 'int java.lang.invoke.DirectMethodHandle$Holder.invokeStaticInit(java.lang.Object, int, int)'> (0x00000000eb20c4f0) 
thrown [s\src\hotspot\share\interpreter\linkResolver.cpp, line 773]
Event: 27.685 Thread 0x0000022477ccbf70 Exception <a 'java/lang/NoSuchMethodError'{0x00000000eb22e1e8}: 'int java.lang.invoke.DirectMethodHandle$Holder.invokeStaticInit(java.lang.Object, long, long)'> (0x00000000eb22e1e8) 
thrown [s\src\hotspot\share\interpreter\linkResolver.cpp, line 773]
Event: 27.690 Thread 0x0000022477ccbf70 Exception <a 'java/lang/NoSuchMethodError'{0x00000000eb278dc8}: 'int java.lang.invoke.DirectMethodHandle$Holder.invokeStaticInit(java.lang.Object, float, float)'> (0x00000000eb278dc8) 
thrown [s\src\hotspot\share\interpreter\linkResolver.cpp, line 773]
Event: 27.691 Thread 0x0000022477ccbf70 Exception <a 'java/lang/NoSuchMethodError'{0x00000000eb27fee8}: 'int java.lang.invoke.DirectMethodHandle$Holder.invokeStaticInit(java.lang.Object, double, double)'> (0x00000000eb27fee8) 
thrown [s\src\hotspot\share\interpreter\linkResolver.cpp, line 773]
Event: 27.691 Thread 0x0000022477ccbf70 Exception <a 'java/lang/NoSuchMethodError'{0x00000000eb284570}: 'int java.lang.invoke.DirectMethodHandle$Holder.invokeStatic(java.lang.Object, long)'> (0x00000000eb284570) 
thrown [s\src\hotspot\share\interpreter\linkResolver.cpp, line 773]
Event: 27.696 Thread 0x0000022477ccbf70 Exception <a 'java/lang/NoSuchMethodError'{0x00000000eb2a4190}: 'int java.lang.invoke.Invokers$Holder.linkToTargetMethod(java.lang.Object, java.lang.Object)'> (0x00000000eb2a4190) 
thrown [s\src\hotspot\share\interpreter\linkResolver.cpp, line 773]
Event: 27.746 Thread 0x0000022477ccbf70 Exception <a 'java/lang/NoSuchMethodError'{0x00000000eb60a448}: 'java.lang.Object java.lang.invoke.DirectMethodHandle$Holder.invokeSpecialIFC(java.lang.Object, java.lang.Object, java.lang.Object, java.lang.Object)'> (0x00000000eb60a448) 
thrown [s\src\hotspot\share\interpreter\linkResolver.cpp, line 773]
Event: 27.807 Thread 0x0000022477ccb8e0 Exception <a 'java/lang/NoSuchMethodError'{0x00000000ead00fc8}: 'int java.lang.invoke.DirectMethodHandle$Holder.invokeSpecial(java.lang.Object, java.lang.Object, java.lang.Object, java.lang.Object)'> (0x00000000ead00fc8) 
thrown [s\src\hotspot\share\interpreter\linkResolver.cpp, line 773]
Event: 27.808 Thread 0x0000022477ccb8e0 Exception <a 'java/lang/NoSuchMethodError'{0x00000000ead5d638}: 'java.lang.Object java.lang.invoke.DirectMethodHandle$Holder.invokeStatic(java.lang.Object, int, java.lang.Object, java.lang.Object)'> (0x00000000ead5d638) 
thrown [s\src\hotspot\share\interpreter\linkResolver.cpp, line 773]
Event: 27.809 Thread 0x0000022477ccb8e0 Exception <a 'java/lang/NoSuchMethodError'{0x00000000ead74088}: 'java.lang.Object java.lang.invoke.DelegatingMethodHandle$Holder.delegate(java.lang.Object, int, java.lang.Object, java.lang.Object)'> (0x00000000ead74088) 
thrown [s\src\hotspot\share\interpreter\linkResolver.cpp, line 773]
Event: 27.811 Thread 0x0000022477ccb8e0 Exception <a 'java/lang/NoSuchMethodError'{0x00000000eada5690}: 'int java.lang.invoke.Invokers$Holder.linkToTargetMethod(java.lang.Object, java.lang.Object, java.lang.Object)'> (0x00000000eada5690) 
thrown [s\src\hotspot\share\interpreter\linkResolver.cpp, line 773]
Event: 27.829 Thread 0x0000022472acb460 Exception <a 'java/lang/ClassNotFoundException'{0x00000000eaf20ed0}: com/sun/org/apache/xerces/internal/impl/msg/spi/DOMMessagesProvider> (0x00000000eaf20ed0) 
thrown [s\src\hotspot\share\classfile\systemDictionary.cpp, line 312]
Event: 27.830 Thread 0x0000022472acb460 Exception <a 'java/lang/ClassNotFoundException'{0x00000000eaf32638}: com/sun/org/apache/xerces/internal/impl/msg/spi/XMLSerializerMessagesProvider> (0x00000000eaf32638) 
thrown [s\src\hotspot\share\classfile\systemDictionary.cpp, line 312]
Event: 27.831 Thread 0x0000022472acb460 Exception <a 'java/lang/ClassNotFoundException'{0x00000000eaf3f8b8}: com/sun/org/apache/xerces/internal/impl/msg/spi/XMLMessagesProvider> (0x00000000eaf3f8b8) 
thrown [s\src\hotspot\share\classfile\systemDictionary.cpp, line 312]
Event: 28.018 Thread 0x0000022472acb460 Exception <a 'java/lang/ClassNotFoundException'{0x00000000eb11a568}: com/sun/org/apache/xml/internal/serializer/spi/XMLEntitiesProvider> (0x00000000eb11a568) 
thrown [s\src\hotspot\share\classfile\systemDictionary.cpp, line 312]
Event: 28.124 Thread 0x0000022477ccbf70 Exception <a 'java/lang/NoClassDefFoundError'{0x00000000eb845318}: javax/enterprise/inject/Typed> (0x00000000eb845318) 
thrown [s\src\hotspot\share\classfile\systemDictionary.cpp, line 301]
Event: 28.154 Thread 0x0000022472acb460 Exception <a 'java/io/FileNotFoundException'{0x00000000eac653a0}> (0x00000000eac653a0) 
thrown [s\src\hotspot\share\prims\jni.cpp, line 520]

ZGC Phase Switch (0 events):
No events

VM Operations (20 events):
Event: 27.730 Executing VM operation: HandshakeAllThreads (Deoptimize)
Event: 27.730 Executing VM operation: HandshakeAllThreads (Deoptimize) done
Event: 27.773 Executing VM operation: ParallelGCFailedAllocation (Allocation Failure)
Event: 27.778 Executing VM operation: ParallelGCFailedAllocation (Allocation Failure) done
Event: 27.893 Executing VM operation: HandshakeAllThreads (Deoptimize)
Event: 27.893 Executing VM operation: HandshakeAllThreads (Deoptimize) done
Event: 27.938 Executing VM operation: ParallelGCFailedAllocation (Allocation Failure)
Event: 27.941 Executing VM operation: ParallelGCFailedAllocation (Allocation Failure) done
Event: 28.016 Executing VM operation: HandshakeAllThreads (Deoptimize)
Event: 28.016 Executing VM operation: HandshakeAllThreads (Deoptimize) done
Event: 28.021 Executing VM operation: HandshakeAllThreads (Deoptimize)
Event: 28.022 Executing VM operation: HandshakeAllThreads (Deoptimize) done
Event: 28.054 Executing VM operation: HandshakeAllThreads (Deoptimize)
Event: 28.054 Executing VM operation: HandshakeAllThreads (Deoptimize) done
Event: 28.061 Executing VM operation: HandshakeAllThreads (Deoptimize)
Event: 28.061 Executing VM operation: HandshakeAllThreads (Deoptimize) done
Event: 28.112 Executing VM operation: HandshakeAllThreads (Deoptimize)
Event: 28.112 Executing VM operation: HandshakeAllThreads (Deoptimize) done
Event: 28.124 Executing VM operation: ParallelGCFailedAllocation (Allocation Failure)
Event: 28.126 Executing VM operation: ParallelGCFailedAllocation (Allocation Failure) done

Memory protections (0 events):
No events

Nmethod flushes (0 events):
No events

Events (20 events):
Event: 0.138 Thread 0x000002245d6ffa10 Thread added: 0x0000022471a2e220
Event: 0.138 Thread 0x000002245d6ffa10 Thread added: 0x0000022471a30c80
Event: 0.138 Thread 0x000002245d6ffa10 Thread added: 0x0000022471a31ab0
Event: 0.163 Thread 0x000002245d6ffa10 Thread added: 0x0000022471aa6de0
Event: 0.352 Thread 0x000002245d6ffa10 Thread added: 0x000002245d7c4e80
Event: 1.408 Thread 0x000002245d6ffa10 Thread added: 0x0000022472a28030
Event: 5.696 Thread 0x000002245d6ffa10 Thread added: 0x0000022477666000
Event: 14.319 Thread 0x000002245d6ffa10 Thread added: 0x000002247701cda0
Event: 14.381 Thread 0x000002247701cda0 Thread added: 0x0000022472acaa30
Event: 14.385 Thread 0x000002245d6ffa10 Thread added: 0x0000022472acb460
Event: 18.741 Thread 0x0000022472acb460 Thread added: 0x0000022471a6f290
Event: 23.266 Thread 0x0000022472acb460 Thread added: 0x0000022477c24020
Event: 23.405 Thread 0x0000022472acb460 Thread added: 0x000002247738ac70
Event: 24.112 Thread 0x0000022472acb460 Thread added: 0x0000022477ccc600
Event: 25.195 Thread 0x0000022472acb460 Thread added: 0x0000022477cc9ea0
Event: 25.386 Thread 0x0000022472acb460 Thread added: 0x0000022477ccb8e0
Event: 25.888 Thread 0x0000022472acb460 Thread added: 0x0000022477ccbf70
Event: 27.805 Thread 0x0000022477ccb8e0 Thread added: 0x0000022477cc9180
Event: 27.865 Thread 0x0000022472acb460 Thread added: 0x0000022477cca530
Event: 27.865 Thread 0x0000022477cc9180 Thread added: 0x0000022477ccabc0


Dynamic libraries:
0x00007ff648030000 - 0x00007ff64803e000 	c:\Users\Prime\.vscode\extensions\redhat.java-1.42.0-win32-x64\jre\21.0.7-win32-x86_64\bin\java.exe
0x00007ff8031f0000 - 0x00007ff8033e8000 	C:\WINDOWS\SYSTEM32\ntdll.dll
0x00007ff8013e0000 - 0x00007ff8014a2000 	C:\WINDOWS\System32\KERNEL32.DLL
0x00007ff800d10000 - 0x00007ff801006000 	C:\WINDOWS\System32\KERNELBASE.dll
0x00007ff800990000 - 0x00007ff800a90000 	C:\WINDOWS\System32\ucrtbase.dll
0x00007ffffd7c0000 - 0x00007ffffd7d8000 	c:\Users\Prime\.vscode\extensions\redhat.java-1.42.0-win32-x64\jre\21.0.7-win32-x86_64\bin\jli.dll
0x00007ff801e80000 - 0x00007ff80201d000 	C:\WINDOWS\System32\USER32.dll
0x00007ff801140000 - 0x00007ff801162000 	C:\WINDOWS\System32\win32u.dll
0x00007ff8030e0000 - 0x00007ff80310b000 	C:\WINDOWS\System32\GDI32.dll
0x00007ff800bf0000 - 0x00007ff800d09000 	C:\WINDOWS\System32\gdi32full.dll
0x00007ffff6590000 - 0x00007ffff65ae000 	c:\Users\Prime\.vscode\extensions\redhat.java-1.42.0-win32-x64\jre\21.0.7-win32-x86_64\bin\VCRUNTIME140.dll
0x00007ff801170000 - 0x00007ff80120d000 	C:\WINDOWS\System32\msvcp_win.dll
0x00007fffe7c90000 - 0x00007fffe7f2a000 	C:\WINDOWS\WinSxS\amd64_microsoft.windows.common-controls_6595b64144ccf1df_6.0.19041.5915_none_60b4b9d171f9c7c7\COMCTL32.dll
0x00007ff8020d0000 - 0x00007ff80216e000 	C:\WINDOWS\System32\msvcrt.dll
0x00007ff8023b0000 - 0x00007ff8023df000 	C:\WINDOWS\System32\IMM32.DLL
0x00007ffffd790000 - 0x00007ffffd79c000 	c:\Users\Prime\.vscode\extensions\redhat.java-1.42.0-win32-x64\jre\21.0.7-win32-x86_64\bin\vcruntime140_1.dll
0x00007ffff4ef0000 - 0x00007ffff4f7d000 	c:\Users\Prime\.vscode\extensions\redhat.java-1.42.0-win32-x64\jre\21.0.7-win32-x86_64\bin\msvcp140.dll
0x00007fffa49d0000 - 0x00007fffa5760000 	c:\Users\Prime\.vscode\extensions\redhat.java-1.42.0-win32-x64\jre\21.0.7-win32-x86_64\bin\server\jvm.dll
0x00007ff802170000 - 0x00007ff802221000 	C:\WINDOWS\System32\ADVAPI32.dll
0x00007ff802030000 - 0x00007ff8020cf000 	C:\WINDOWS\System32\sechost.dll
0x00007ff802680000 - 0x00007ff8027a3000 	C:\WINDOWS\System32\RPCRT4.dll
0x00007ff800880000 - 0x00007ff8008a7000 	C:\WINDOWS\System32\bcrypt.dll
0x00007ff802d00000 - 0x00007ff802d6b000 	C:\WINDOWS\System32\WS2_32.dll
0x00007ff8006e0000 - 0x00007ff80072b000 	C:\WINDOWS\SYSTEM32\POWRPROF.dll
0x00007fffe59a0000 - 0x00007fffe59c7000 	C:\WINDOWS\SYSTEM32\WINMM.dll
0x00007ffff7310000 - 0x00007ffff731a000 	C:\WINDOWS\SYSTEM32\VERSION.dll
0x00007ff8006c0000 - 0x00007ff8006d2000 	C:\WINDOWS\SYSTEM32\UMPDC.dll
0x00007fffff0e0000 - 0x00007fffff0f2000 	C:\WINDOWS\SYSTEM32\kernel.appcore.dll
0x00007ffff9a10000 - 0x00007ffff9a1a000 	c:\Users\Prime\.vscode\extensions\redhat.java-1.42.0-win32-x64\jre\21.0.7-win32-x86_64\bin\jimage.dll
0x00007ffffee50000 - 0x00007fffff051000 	C:\WINDOWS\SYSTEM32\DBGHELP.DLL
0x00007fffdd210000 - 0x00007fffdd244000 	C:\WINDOWS\SYSTEM32\dbgcore.DLL
0x00007ff8008b0000 - 0x00007ff800932000 	C:\WINDOWS\System32\bcryptPrimitives.dll
0x00007ffff99a0000 - 0x00007ffff99af000 	c:\Users\Prime\.vscode\extensions\redhat.java-1.42.0-win32-x64\jre\21.0.7-win32-x86_64\bin\instrument.dll
0x00007ffff5e50000 - 0x00007ffff5e6f000 	c:\Users\Prime\.vscode\extensions\redhat.java-1.42.0-win32-x64\jre\21.0.7-win32-x86_64\bin\java.dll
0x00007ff801660000 - 0x00007ff801dce000 	C:\WINDOWS\System32\SHELL32.dll
0x00007ffffe5e0000 - 0x00007ffffed84000 	C:\WINDOWS\SYSTEM32\windows.storage.dll
0x00007ff802d70000 - 0x00007ff8030c3000 	C:\WINDOWS\System32\combase.dll
0x00007ff8001e0000 - 0x00007ff80020b000 	C:\WINDOWS\SYSTEM32\Wldp.dll
0x00007ff801210000 - 0x00007ff8012dd000 	C:\WINDOWS\System32\OLEAUT32.dll
0x00007ff801dd0000 - 0x00007ff801e7d000 	C:\WINDOWS\System32\SHCORE.dll
0x00007ff802510000 - 0x00007ff80256b000 	C:\WINDOWS\System32\shlwapi.dll
0x00007ff8007b0000 - 0x00007ff8007d5000 	C:\WINDOWS\SYSTEM32\profapi.dll
0x00007ffff4fc0000 - 0x00007ffff4fd8000 	c:\Users\Prime\.vscode\extensions\redhat.java-1.42.0-win32-x64\jre\21.0.7-win32-x86_64\bin\zip.dll
0x00007ffff9940000 - 0x00007ffff9950000 	C:\Users\Prime\.vscode\extensions\redhat.java-1.42.0-win32-x64\jre\21.0.7-win32-x86_64\bin\net.dll
0x00007ffff40a0000 - 0x00007ffff41aa000 	C:\WINDOWS\SYSTEM32\WINHTTP.dll
0x00007ffffff20000 - 0x00007ffffff8a000 	C:\WINDOWS\system32\mswsock.dll
0x00007ffff4840000 - 0x00007ffff4856000 	C:\Users\Prime\.vscode\extensions\redhat.java-1.42.0-win32-x64\jre\21.0.7-win32-x86_64\bin\nio.dll
0x00007ffff84d0000 - 0x00007ffff84e0000 	c:\Users\Prime\.vscode\extensions\redhat.java-1.42.0-win32-x64\jre\21.0.7-win32-x86_64\bin\verify.dll
0x00007fffe5800000 - 0x00007fffe5845000 	C:\Users\Prime\AppData\Roaming\Code\User\globalStorage\redhat.java\1.42.0\config_win\org.eclipse.equinox.launcher\org.eclipse.equinox.launcher.win32.win32.x86_64_1.2.1300.v20250331-1702\eclipse_11911.dll
0x00007ff8023e0000 - 0x00007ff80250b000 	C:\WINDOWS\System32\ole32.dll
0x00007ff800130000 - 0x00007ff800148000 	C:\WINDOWS\SYSTEM32\CRYPTSP.dll
0x00007fffff850000 - 0x00007fffff888000 	C:\WINDOWS\system32\rsaenh.dll
0x00007ff800730000 - 0x00007ff80075e000 	C:\WINDOWS\SYSTEM32\USERENV.dll
0x00007ff800150000 - 0x00007ff80015c000 	C:\WINDOWS\SYSTEM32\CRYPTBASE.dll
0x00007fffffc10000 - 0x00007fffffc4b000 	C:\WINDOWS\SYSTEM32\IPHLPAPI.DLL
0x00007ff8030d0000 - 0x00007ff8030d8000 	C:\WINDOWS\System32\NSI.dll
0x00007fffddbb0000 - 0x00007fffddbf9000 	C:\Users\Prime\AppData\Local\Temp\jna-77382239\jna49624786026121382.dll
0x00007ff803110000 - 0x00007ff803118000 	C:\WINDOWS\System32\PSAPI.DLL
0x00007ffff4cd0000 - 0x00007ffff4ce7000 	C:\WINDOWS\SYSTEM32\dhcpcsvc6.DLL
0x00007ffff53a0000 - 0x00007ffff53bd000 	C:\WINDOWS\SYSTEM32\dhcpcsvc.DLL

dbghelp: loaded successfully - version: 4.0.5 - missing functions: none
symbol engine: initialized successfully - sym options: 0x614 - pdb path: .;c:\Users\Prime\.vscode\extensions\redhat.java-1.42.0-win32-x64\jre\21.0.7-win32-x86_64\bin;C:\WINDOWS\SYSTEM32;C:\WINDOWS\WinSxS\amd64_microsoft.windows.common-controls_6595b64144ccf1df_6.0.19041.5915_none_60b4b9d171f9c7c7;c:\Users\Prime\.vscode\extensions\redhat.java-1.42.0-win32-x64\jre\21.0.7-win32-x86_64\bin\server;C:\Users\Prime\AppData\Roaming\Code\User\globalStorage\redhat.java\1.42.0\config_win\org.eclipse.equinox.launcher\org.eclipse.equinox.launcher.win32.win32.x86_64_1.2.1300.v20250331-1702;C:\Users\Prime\AppData\Local\Temp\jna-77382239

VM Arguments:
jvm_args: --add-modules=ALL-SYSTEM --add-opens=java.base/java.util=ALL-UNNAMED --add-opens=java.base/java.lang=ALL-UNNAMED --add-opens=java.base/sun.nio.fs=ALL-UNNAMED -Declipse.application=org.eclipse.jdt.ls.core.id1 -Dosgi.bundles.defaultStartLevel=4 -Declipse.product=org.eclipse.jdt.ls.core.product -Djava.import.generatesMetadataFilesAtProjectRoot=false -DDetectVMInstallationsJob.disabled=true -Dfile.encoding=utf8 -XX:+UseParallelGC -XX:GCTimeRatio=4 -XX:AdaptiveSizePolicyWeight=90 -Dsun.zip.disableMemoryMapping=true -Xmx1G -Xms100m -Xlog:disable -javaagent:c:\Users\Prime\.vscode\extensions\redhat.java-1.42.0-win32-x64\lombok\lombok-1.18.36.jar -XX:+HeapDumpOnOutOfMemoryError -XX:HeapDumpPath=c:\Users\Prime\AppData\Roaming\Code\User\workspaceStorage\8e020b9f29dab8637036b49a8c66def7\redhat.java -Daether.dependencyCollector.impl=bf 
java_command: c:\Users\Prime\.vscode\extensions\redhat.java-1.42.0-win32-x64\server\plugins\org.eclipse.equinox.launcher_1.7.0.v20250424-1814.jar -configuration c:\Users\Prime\AppData\Roaming\Code\User\globalStorage\redhat.java\1.42.0\config_win -data c:\Users\Prime\AppData\Roaming\Code\User\workspaceStorage\8e020b9f29dab8637036b49a8c66def7\redhat.java\jdt_ws --pipe=\\.\pipe\lsp-f385b02af31c219e5dfd29205bad44eb-sock
java_class_path (initial): c:\Users\Prime\.vscode\extensions\redhat.java-1.42.0-win32-x64\server\plugins\org.eclipse.equinox.launcher_1.7.0.v20250424-1814.jar
Launcher Type: SUN_STANDARD

[Global flags]
    uintx AdaptiveSizePolicyWeight                 = 90                                        {product} {command line}
     intx CICompilerCount                          = 3                                         {product} {ergonomic}
    uintx GCTimeRatio                              = 4                                         {product} {command line}
     bool HeapDumpOnOutOfMemoryError               = true                                   {manageable} {command line}
    ccstr HeapDumpPath                             = c:\Users\Prime\AppData\Roaming\Code\User\workspaceStorage\8e020b9f29dab8637036b49a8c66def7\redhat.java         {manageable} {command line}
   size_t InitialHeapSize                          = 104857600                                 {product} {command line}
   size_t MaxHeapSize                              = 1073741824                                {product} {command line}
   size_t MaxNewSize                               = 357564416                                 {product} {ergonomic}
   size_t MinHeapDeltaBytes                        = 524288                                    {product} {ergonomic}
   size_t MinHeapSize                              = 104857600                                 {product} {command line}
   size_t NewSize                                  = 34603008                                  {product} {ergonomic}
    uintx NonNMethodCodeHeapSize                   = 5832780                                {pd product} {ergonomic}
    uintx NonProfiledCodeHeapSize                  = 122912730                              {pd product} {ergonomic}
   size_t OldSize                                  = 70254592                                  {product} {ergonomic}
    uintx ProfiledCodeHeapSize                     = 122912730                              {pd product} {ergonomic}
    uintx ReservedCodeCacheSize                    = 251658240                              {pd product} {ergonomic}
     bool SegmentedCodeCache                       = true                                      {product} {ergonomic}
   size_t SoftMaxHeapSize                          = 1073741824                             {manageable} {ergonomic}
     bool UseCompressedOops                        = true                           {product lp64_product} {ergonomic}
     bool UseLargePagesIndividualAllocation        = false                                  {pd product} {ergonomic}
     bool UseParallelGC                            = true                                      {product} {command line}

Logging:
Log output configuration:
 #0: stdout all=off uptime,level,tags foldmultilines=false
 #1: stderr all=off uptime,level,tags foldmultilines=false

Environment Variables:
JAVA_HOME=C:\Program Files\Java\jdk-17
PATH=C:\Python313\Scripts\;C:\Python313\;C:\Program Files\Common Files\Oracle\Java\javapath;C:\WINDOWS\system32;C:\WINDOWS;C:\WINDOWS\System32\Wbem;C:\WINDOWS\System32\WindowsPowerShell\v1.0\;C:\WINDOWS\System32\OpenSSH\;C:\ProgramData\chocolatey\bin;C:\Program Files\nodejs\;C:\Users\Prime\AppData\Local\Microsoft\WindowsApps;D:\flutter\flutter_windows_3.29.2-stable (1)\flutter\bin;C:\Users\Prime\AppData\Local\Programs\Microsoft VS Code\bin;C:\Users\Prime\AppData\Local\Android\Sdk\platform-tools;C:\Program Files\Java\jdk-17\bin;C:\Users\Prime\AppData\Roaming\npm
USERNAME=Prime
OS=Windows_NT
PROCESSOR_IDENTIFIER=Intel64 Family 6 Model 78 Stepping 3, GenuineIntel
TMP=C:\Users\Prime\AppData\Local\Temp
TEMP=C:\Users\Prime\AppData\Local\Temp




Periodic native trim disabled

---------------  S Y S T E M  ---------------

OS:
 Windows 10 , 64 bit Build 19041 (10.0.19041.5915)
OS uptime: 1 days 4:35 hours

CPU: total 4 (initial active 4) (2 cores per cpu, 2 threads per core) family 6 model 78 stepping 3 microcode 0xcc, cx8, cmov, fxsr, ht, mmx, 3dnowpref, sse, sse2, sse3, ssse3, sse4.1, sse4.2, popcnt, lzcnt, tsc, tscinvbit, avx, avx2, aes, erms, clmul, bmi1, bmi2, rtm, adx, fma, vzeroupper, clflush, clflushopt, rdtscp, f16c
Processor Information for the first 4 processors :
  Max Mhz: 2496, Current Mhz: 2396, Mhz Limit: 2396

Memory: 4k page, system-wide physical 8072M (299M free)
TotalPageFile size 23226M (AvailPageFile size 5M)
current process WorkingSet (physical memory assigned to process): 172M, peak: 173M
current process commit charge ("private bytes"): 237M, peak: 245M

vm_info: OpenJDK 64-Bit Server VM (21.0.7+6-LTS) for windows-amd64 JRE (21.0.7+6-LTS), built on 2025-04-15T00:00:00Z by "admin" with MS VC++ 17.7 (VS2022)

END.
